This file contains any messages produced by compilers while
running configure, to aid debugging if configure makes a mistake.

It was created by libdc1394 configure 2.2.5, which was
generated by GNU Autoconf 2.69.  Invocation command line was

  $ ./configure --prefix=/mingw/

## --------- ##
## Platform. ##
## --------- ##

hostname = prophesys4-PC
uname -m = x86_64
uname -r = 2.11.2(0.329/5/3)
uname -s = MINGW64_NT-6.1
uname -v = 2018-11-10 14:38

/usr/bin/uname -p = unknown
/bin/uname -X     = unknown

/bin/arch              = x86_64
/usr/bin/arch -k       = unknown
/usr/convex/getsysinfo = unknown
/usr/bin/hostinfo      = unknown
/bin/machine           = unknown
/usr/bin/oslevel       = unknown
/bin/universe          = unknown

PATH: /c/Users/prophesys4/bin
PATH: /mingw64/bin
PATH: /usr/local/bin
PATH: /usr/bin
PATH: /bin
PATH: /mingw64/bin
PATH: /usr/bin
PATH: /c/Users/prophesys4/bin
PATH: /c/Program Files/AdoptOpenJDK/jdk-11.0.2+9-jre/bin
PATH: /c/Program Files/AdoptOpenJDK/jdk8u202-b08-jre/bin
PATH: /c/Program Files (x86)/AdoptOpenJDK/jdk8u202-b08-jre/bin
PATH: /c/Windows/system32
PATH: /c/Windows
PATH: /c/Windows/System32/Wbem
PATH: /c/Windows/System32/WindowsPowerShell/v1.0
PATH: /c/Program Files/NVIDIA Corporation/NVIDIA NvDLISR
PATH: /c/Program Files (x86)/NVIDIA Corporation/PhysX/Common
PATH: /c/Program Files/CMake/bin
PATH: /c/Program Files/apitrace-msvc/x64/bin
PATH: /c/Program Files/apitrace-msvc/x64/lib/scripts
PATH: /c/Program Files/apitrace-msvc/x64/lib/wrappers
PATH: /c/Program Files (x86)/GnuWin32/bin
PATH: /cmd
PATH: /c/Users/prophesys4/Documents/Data/OpenCV/builds/bin
PATH: /c/Users/prophesys4/Documents/Data/OpenCV/builds/lib
PATH: /c/Program Files/mingw-w64/x86_64-8.1.0-posix-seh-rt_v6-rev0/mingw64/bin
PATH: /c/Program Files/mingw-w64/x86_64-8.1.0-posix-seh-rt_v6-rev0/mingw64/lib
PATH: /c/Program Files (x86)/CMU/1394Camera/lib
PATH: /c/Users/prophesys4/AppData/Local/Programs/Python/Python36/Scripts
PATH: /c/Users/prophesys4/AppData/Local/Programs/Python/Python36
PATH: /usr/bin/vendor_perl
PATH: /usr/bin/core_perl


## ----------- ##
## Core tests. ##
## ----------- ##

configure:2461: checking build system type
configure:2475: result: x86_64-pc-mingw64
configure:2495: checking host system type
configure:2508: result: x86_64-pc-mingw64
configure:2528: checking target system type
configure:2541: result: x86_64-pc-mingw64
configure:2618: checking for as
configure:2634: found /c/Program Files/mingw-w64/x86_64-8.1.0-posix-seh-rt_v6-rev0/mingw64/bin/as
configure:2645: result: as
configure:2710: checking for dlltool
configure:2726: found /c/Program Files/mingw-w64/x86_64-8.1.0-posix-seh-rt_v6-rev0/mingw64/bin/dlltool
configure:2737: result: dlltool
configure:2802: checking for objdump
configure:2818: found /c/Program Files/mingw-w64/x86_64-8.1.0-posix-seh-rt_v6-rev0/mingw64/bin/objdump
configure:2829: result: objdump
configure:2986: checking for doxygen
configure:3019: result: no
configure:3039: WARNING: doxygen not found - will not generate any doxygen documentation (requires doxygen package)
configure:3092: checking for perl
configure:3110: found /usr/bin/perl
configure:3122: result: /usr/bin/perl
configure:4856: checking for gcc
configure:4872: found /c/Program Files/mingw-w64/x86_64-8.1.0-posix-seh-rt_v6-rev0/mingw64/bin/gcc
configure:4883: result: gcc
configure:5112: checking for C compiler version
configure:5121: gcc --version >&5
gcc.exe (x86_64-posix-seh-rev0, Built by MinGW-W64 project) 8.1.0
Copyright (C) 2018 Free Software Foundation, Inc.
This is free software; see the source for copying conditions.  There is NO
warranty; not even for MERCHANTABILITY or FITNESS FOR A PARTICULAR PURPOSE.

configure:5132: $? = 0
configure:5121: gcc -v >&5
Using built-in specs.
COLLECT_GCC=C:\Program Files\mingw-w64\x86_64-8.1.0-posix-seh-rt_v6-rev0\mingw64\bin\gcc.exe
COLLECT_LTO_WRAPPER=C:/Program\ Files/mingw-w64/x86_64-8.1.0-posix-seh-rt_v6-rev0/mingw64/bin/../libexec/gcc/x86_64-w64-mingw32/8.1.0/lto-wrapper.exe
Target: x86_64-w64-mingw32
Configured with: ../../../src/gcc-8.1.0/configure --host=x86_64-w64-mingw32 --build=x86_64-w64-mingw32 --target=x86_64-w64-mingw32 --prefix=/mingw64 --with-sysroot=/c/mingw810/x86_64-810-posix-seh-rt_v6-rev0/mingw64 --enable-shared --enable-static --disable-multilib --enable-languages=c,c++,fortran,lto --enable-libstdcxx-time=yes --enable-threads=posix --enable-libgomp --enable-libatomic --enable-lto --enable-graphite --enable-checking=release --enable-fully-dynamic-string --enable-version-specific-runtime-libs --disable-libstdcxx-pch --disable-libstdcxx-debug --enable-bootstrap --disable-rpath --disable-win32-registry --disable-nls --disable-werror --disable-symvers --with-gnu-as --with-gnu-ld --with-arch=nocona --with-tune=core2 --with-libiconv --with-system-zlib --with-gmp=/c/mingw810/prerequisites/x86_64-w64-mingw32-static --with-mpfr=/c/mingw810/prerequisites/x86_64-w64-mingw32-static --with-mpc=/c/mingw810/prerequisites/x86_64-w64-mingw32-static --with-isl=/c/mingw810/prerequisites/x86_64-w64-mingw32-static --with-pkgversion='x86_64-posix-seh-rev0, Built by MinGW-W64 project' --with-bugurl=https://sourceforge.net/projects/mingw-w64 CFLAGS='-O2 -pipe -fno-ident -I/c/mingw810/x86_64-810-posix-seh-rt_v6-rev0/mingw64/opt/include -I/c/mingw810/prerequisites/x86_64-zlib-static/include -I/c/mingw810/prerequisites/x86_64-w64-mingw32-static/include' CXXFLAGS='-O2 -pipe -fno-ident -I/c/mingw810/x86_64-810-posix-seh-rt_v6-rev0/mingw64/opt/include -I/c/mingw810/prerequisites/x86_64-zlib-static/include -I/c/mingw810/prerequisites/x86_64-w64-mingw32-static/include' CPPFLAGS=' -I/c/mingw810/x86_64-810-posix-seh-rt_v6-rev0/mingw64/opt/include -I/c/mingw810/prerequisites/x86_64-zlib-static/include -I/c/mingw810/prerequisites/x86_64-w64-mingw32-static/include' LDFLAGS='-pipe -fno-ident -L/c/mingw810/x86_64-810-posix-seh-rt_v6-rev0/mingw64/opt/lib -L/c/mingw810/prerequisites/x86_64-zlib-static/lib -L/c/mingw810/prerequisites/x86_64-w64-mingw32-static/lib '
Thread model: posix
gcc version 8.1.0 (x86_64-posix-seh-rev0, Built by MinGW-W64 project) 
configure:5132: $? = 0
configure:5121: gcc -V >&5
gcc.exe: error: unrecognized command line option '-V'
gcc.exe: fatal error: no input files
compilation terminated.
configure:5132: $? = 1
configure:5121: gcc -qversion >&5
gcc.exe: error: unrecognized command line option '-qversion'; did you mean '--version'?
gcc.exe: fatal error: no input files
compilation terminated.
configure:5132: $? = 1
configure:5152: checking whether the C compiler works
configure:5174: gcc    conftest.c  >&5
configure:5178: $? = 0
configure:5226: result: yes
configure:5229: checking for C compiler default output file name
configure:5231: result: a.exe
configure:5237: checking for suffix of executables
configure:5244: gcc -o conftest.exe    conftest.c  >&5
configure:5248: $? = 0
configure:5270: result: .exe
configure:5292: checking whether we are cross compiling
configure:5300: gcc -o conftest.exe    conftest.c  >&5
configure:5304: $? = 0
configure:5311: ./conftest.exe
configure:5315: $? = 0
configure:5330: result: no
configure:5335: checking for suffix of object files
configure:5357: gcc -c   conftest.c >&5
configure:5361: $? = 0
configure:5382: result: o
configure:5386: checking whether we are using the GNU C compiler
configure:5405: gcc -c   conftest.c >&5
configure:5405: $? = 0
configure:5414: result: yes
configure:5423: checking whether gcc accepts -g
configure:5443: gcc -c -g  conftest.c >&5
configure:5443: $? = 0
configure:5484: result: yes
configure:5501: checking for gcc option to accept ISO C89
configure:5564: gcc  -c -g -O2  conftest.c >&5
configure:5564: $? = 0
configure:5577: result: none needed
configure:5602: checking whether gcc understands -c and -o together
configure:5624: gcc -c conftest.c -o conftest2.o
configure:5627: $? = 0
configure:5624: gcc -c conftest.c -o conftest2.o
configure:5627: $? = 0
configure:5639: result: yes
configure:5706: checking for ar
configure:5722: found /c/Program Files/mingw-w64/x86_64-8.1.0-posix-seh-rt_v6-rev0/mingw64/bin/ar
configure:5733: result: ar
configure:5759: checking the archiver (ar) interface
configure:5775: gcc -c -g -O2  conftest.c >&5
configure:5775: $? = 0
configure:5777: ar cru libconftest.a conftest.o >&5
configure:5780: $? = 0
configure:5808: result: ar
configure:5844: checking for a BSD-compatible install
configure:5912: result: /usr/bin/install -c
configure:5923: checking whether build environment is sane
configure:5978: result: yes
configure:6126: checking for a thread-safe mkdir -p
configure:6165: result: /usr/bin/mkdir -p
configure:6172: checking for gawk
configure:6188: found /usr/bin/gawk
configure:6199: result: gawk
configure:6210: checking whether make sets $(MAKE)
configure:6232: result: yes
configure:6262: checking for style of include used by make
configure:6290: result: GNU
configure:6324: checking whether make supports nested variables
configure:6341: result: yes
configure:6426: checking dependency style of gcc
configure:6537: result: gcc3
configure:6645: checking for gcc
configure:6672: result: gcc
configure:6901: checking for C compiler version
configure:6910: gcc --version >&5
gcc.exe (x86_64-posix-seh-rev0, Built by MinGW-W64 project) 8.1.0
Copyright (C) 2018 Free Software Foundation, Inc.
This is free software; see the source for copying conditions.  There is NO
warranty; not even for MERCHANTABILITY or FITNESS FOR A PARTICULAR PURPOSE.

configure:6921: $? = 0
configure:6910: gcc -v >&5
Using built-in specs.
COLLECT_GCC=C:\Program Files\mingw-w64\x86_64-8.1.0-posix-seh-rt_v6-rev0\mingw64\bin\gcc.exe
COLLECT_LTO_WRAPPER=C:/Program\ Files/mingw-w64/x86_64-8.1.0-posix-seh-rt_v6-rev0/mingw64/bin/../libexec/gcc/x86_64-w64-mingw32/8.1.0/lto-wrapper.exe
Target: x86_64-w64-mingw32
Configured with: ../../../src/gcc-8.1.0/configure --host=x86_64-w64-mingw32 --build=x86_64-w64-mingw32 --target=x86_64-w64-mingw32 --prefix=/mingw64 --with-sysroot=/c/mingw810/x86_64-810-posix-seh-rt_v6-rev0/mingw64 --enable-shared --enable-static --disable-multilib --enable-languages=c,c++,fortran,lto --enable-libstdcxx-time=yes --enable-threads=posix --enable-libgomp --enable-libatomic --enable-lto --enable-graphite --enable-checking=release --enable-fully-dynamic-string --enable-version-specific-runtime-libs --disable-libstdcxx-pch --disable-libstdcxx-debug --enable-bootstrap --disable-rpath --disable-win32-registry --disable-nls --disable-werror --disable-symvers --with-gnu-as --with-gnu-ld --with-arch=nocona --with-tune=core2 --with-libiconv --with-system-zlib --with-gmp=/c/mingw810/prerequisites/x86_64-w64-mingw32-static --with-mpfr=/c/mingw810/prerequisites/x86_64-w64-mingw32-static --with-mpc=/c/mingw810/prerequisites/x86_64-w64-mingw32-static --with-isl=/c/mingw810/prerequisites/x86_64-w64-mingw32-static --with-pkgversion='x86_64-posix-seh-rev0, Built by MinGW-W64 project' --with-bugurl=https://sourceforge.net/projects/mingw-w64 CFLAGS='-O2 -pipe -fno-ident -I/c/mingw810/x86_64-810-posix-seh-rt_v6-rev0/mingw64/opt/include -I/c/mingw810/prerequisites/x86_64-zlib-static/include -I/c/mingw810/prerequisites/x86_64-w64-mingw32-static/include' CXXFLAGS='-O2 -pipe -fno-ident -I/c/mingw810/x86_64-810-posix-seh-rt_v6-rev0/mingw64/opt/include -I/c/mingw810/prerequisites/x86_64-zlib-static/include -I/c/mingw810/prerequisites/x86_64-w64-mingw32-static/include' CPPFLAGS=' -I/c/mingw810/x86_64-810-posix-seh-rt_v6-rev0/mingw64/opt/include -I/c/mingw810/prerequisites/x86_64-zlib-static/include -I/c/mingw810/prerequisites/x86_64-w64-mingw32-static/include' LDFLAGS='-pipe -fno-ident -L/c/mingw810/x86_64-810-posix-seh-rt_v6-rev0/mingw64/opt/lib -L/c/mingw810/prerequisites/x86_64-zlib-static/lib -L/c/mingw810/prerequisites/x86_64-w64-mingw32-static/lib '
Thread model: posix
gcc version 8.1.0 (x86_64-posix-seh-rev0, Built by MinGW-W64 project) 
configure:6921: $? = 0
configure:6910: gcc -V >&5
gcc.exe: error: unrecognized command line option '-V'
gcc.exe: fatal error: no input files
compilation terminated.
configure:6921: $? = 1
configure:6910: gcc -qversion >&5
gcc.exe: error: unrecognized command line option '-qversion'; did you mean '--version'?
gcc.exe: fatal error: no input files
compilation terminated.
configure:6921: $? = 1
configure:6925: checking whether we are using the GNU C compiler
configure:6953: result: yes
configure:6962: checking whether gcc accepts -g
configure:7023: result: yes
configure:7040: checking for gcc option to accept ISO C89
configure:7116: result: none needed
configure:7141: checking whether gcc understands -c and -o together
configure:7178: result: yes
configure:7241: checking how to print strings
configure:7268: result: printf
configure:7289: checking for a sed that does not truncate output
configure:7353: result: /usr/bin/sed
configure:7371: checking for grep that handles long lines and -e
configure:7429: result: /usr/bin/grep
configure:7434: checking for egrep
configure:7496: result: /usr/bin/grep -E
configure:7501: checking for fgrep
configure:7563: result: /usr/bin/grep -F
configure:7598: checking for ld used by gcc
configure:7665: result: C:/Program
Files/mingw-w64/x86_64-8.1.0-posix-seh-rt_v6-rev0/mingw64/x86_64-w64-mingw32/bin/ld.exe
configure:7672: checking if the linker (C:/Program
Files/mingw-w64/x86_64-8.1.0-posix-seh-rt_v6-rev0/mingw64/x86_64-w64-mingw32/bin/ld.exe) is GNU ld
configure:7687: result: no
configure:7699: checking for BSD- or MS-compatible name lister (nm)
configure:7748: result: /c/Program Files/mingw-w64/x86_64-8.1.0-posix-seh-rt_v6-rev0/mingw64/bin/nm -B
configure:7878: checking the name lister (/c/Program Files/mingw-w64/x86_64-8.1.0-posix-seh-rt_v6-rev0/mingw64/bin/nm -B) interface
configure:7885: gcc -c -g -O2  conftest.c >&5
configure:7888: /c/Program Files/mingw-w64/x86_64-8.1.0-posix-seh-rt_v6-rev0/mingw64/bin/nm -B "conftest.o"
./configure: line 7889: /c/Program: No such file or directory
configure:7891: output
configure:7898: result: BSD nm
configure:7901: checking whether ln -s works
configure:7908: result: no, using cp -pR
configure:7913: checking the maximum length of command line arguments
configure:8044: result: 8192
configure:8061: checking whether the shell understands some XSI constructs
configure:8071: result: yes
configure:8075: checking whether the shell understands "+="
configure:8081: result: yes
configure:8116: checking how to convert x86_64-pc-mingw64 file names to x86_64-pc-mingw64 format
configure:8156: result: func_convert_file_msys_to_w32
configure:8163: checking how to convert x86_64-pc-mingw64 file names to toolchain format
configure:8183: result: func_convert_file_msys_to_w32
configure:8190: checking for C:/Program
Files/mingw-w64/x86_64-8.1.0-posix-seh-rt_v6-rev0/mingw64/x86_64-w64-mingw32/bin/ld.exe option to reload object files
configure:8197: result: -r
configure:8271: checking for objdump
configure:8298: result: objdump
configure:8327: checking how to recognize dependent libraries
configure:8525: result: file_magic ^x86 archive import|^x86 DLL
configure:8610: checking for dlltool
configure:8637: result: dlltool
configure:8667: checking how to associate runtime and link libraries
configure:8694: result: func_cygming_dll_for_implib
configure:8818: checking for archiver @FILE support
configure:8835: gcc -c -g -O2  conftest.c >&5
configure:8835: $? = 0
configure:8838: ar cru libconftest.a @conftest.lst >&5
configure:8841: $? = 0
configure:8846: ar cru libconftest.a @conftest.lst >&5
C:\Program Files\mingw-w64\x86_64-8.1.0-posix-seh-rt_v6-rev0\mingw64\bin\ar.exe: conftest.o: No such file or directory
configure:8849: $? = 1
configure:8861: result: @
configure:8919: checking for strip
configure:8935: found /c/Program Files/mingw-w64/x86_64-8.1.0-posix-seh-rt_v6-rev0/mingw64/bin/strip
configure:8946: result: strip
configure:9018: checking for ranlib
configure:9034: found /c/Program Files/mingw-w64/x86_64-8.1.0-posix-seh-rt_v6-rev0/mingw64/bin/ranlib
configure:9045: result: ranlib
configure:9147: checking command to parse /c/Program Files/mingw-w64/x86_64-8.1.0-posix-seh-rt_v6-rev0/mingw64/bin/nm -B output from gcc object
configure:9267: gcc -c -g -O2  conftest.c >&5
configure:9270: $? = 0
configure:9274: /c/Program Files/mingw-w64/x86_64-8.1.0-posix-seh-rt_v6-rev0/mingw64/bin/nm -B conftest.o \| sed -n -e 's/^.*[ ]\([ABCDGISTW][ABCDGISTW]*\)[ ][ ]*\([_A-Za-z][_A-Za-z0-9]*\)\{0,1\}$/\1 \2 \2/p' | sed '/ __gnu_lto/d' \> conftest.nm
./configure: line 9275: /c/Program: No such file or directory
configure:9277: $? = 0
cannot run sed -n -e 's/^.*[	 ]\([ABCDGISTW][ABCDGISTW]*\)[	 ][	 ]*\([_A-Za-z][_A-Za-z0-9]*\)
\{0,1\}$/\1 \2 \2/p' | sed '/ __gnu_lto/d'
configure:9267: gcc -c -g -O2  conftest.c >&5
configure:9270: $? = 0
configure:9274: /c/Program Files/mingw-w64/x86_64-8.1.0-posix-seh-rt_v6-rev0/mingw64/bin/nm -B conftest.o \| sed -n -e 's/^.*[ ]\([ABCDGISTW][ABCDGISTW]*\)[ ][ ]*_\([_A-Za-z][_A-Za-z0-9]*\)\{0,1\}$/\1 _\2 \2/p' | sed '/ __gnu_lto/d' \> conftest.nm
./configure: line 9275: /c/Program: No such file or directory
configure:9277: $? = 0
cannot run sed -n -e 's/^.*[	 ]\([ABCDGISTW][ABCDGISTW]*\)[	 ][	 ]*_\([_A-Za-z][_A-Za-z0-9]*\)
\{0,1\}$/\1 _\2 \2/p' | sed '/ __gnu_lto/d'
configure:9381: result: failed
configure:9421: checking for sysroot
configure:9451: result: no
configure:9720: checking for mt
configure:9750: result: no
configure:9770: checking if : is a manifest tool
configure:9776: : '-?'
configure:9784: result: no
configure:10426: checking how to run the C preprocessor
configure:10457: gcc -E  conftest.c
configure:10457: $? = 0
configure:10471: gcc -E  conftest.c
conftest.c:11:10: fatal error: ac_nonexistent.h: No such file or directory
 #include <ac_nonexistent.h>
          ^~~~~~~~~~~~~~~~~~
compilation terminated.
configure:10471: $? = 1
configure: failed program was:
| /* confdefs.h */
| #define PACKAGE_NAME "libdc1394"
| #define PACKAGE_TARNAME "libdc1394"
| #define PACKAGE_VERSION "2.2.5"
| #define PACKAGE_STRING "libdc1394 2.2.5"
| #define PACKAGE_BUGREPORT "libdc1394-devel@lists.sf.net"
| #define PACKAGE_URL ""
| #define PACKAGE "libdc1394"
| #define VERSION "2.2.5"
| /* end confdefs.h.  */
| #include <ac_nonexistent.h>
configure:10496: result: gcc -E
configure:10516: gcc -E  conftest.c
configure:10516: $? = 0
configure:10530: gcc -E  conftest.c
conftest.c:11:10: fatal error: ac_nonexistent.h: No such file or directory
 #include <ac_nonexistent.h>
          ^~~~~~~~~~~~~~~~~~
compilation terminated.
configure:10530: $? = 1
configure: failed program was:
| /* confdefs.h */
| #define PACKAGE_NAME "libdc1394"
| #define PACKAGE_TARNAME "libdc1394"
| #define PACKAGE_VERSION "2.2.5"
| #define PACKAGE_STRING "libdc1394 2.2.5"
| #define PACKAGE_BUGREPORT "libdc1394-devel@lists.sf.net"
| #define PACKAGE_URL ""
| #define PACKAGE "libdc1394"
| #define VERSION "2.2.5"
| /* end confdefs.h.  */
| #include <ac_nonexistent.h>
configure:10559: checking for ANSI C header files
configure:10579: gcc -c -g -O2  conftest.c >&5
configure:10579: $? = 0
configure:10652: gcc -o conftest.exe -g -O2   conftest.c  >&5
configure:10652: $? = 0
configure:10652: ./conftest.exe
configure:10652: $? = 0
configure:10663: result: yes
configure:10676: checking for sys/types.h
configure:10676: gcc -c -g -O2  conftest.c >&5
configure:10676: $? = 0
configure:10676: result: yes
configure:10676: checking for sys/stat.h
configure:10676: gcc -c -g -O2  conftest.c >&5
configure:10676: $? = 0
configure:10676: result: yes
configure:10676: checking for stdlib.h
configure:10676: gcc -c -g -O2  conftest.c >&5
configure:10676: $? = 0
configure:10676: result: yes
configure:10676: checking for string.h
configure:10676: gcc -c -g -O2  conftest.c >&5
configure:10676: $? = 0
configure:10676: result: yes
configure:10676: checking for memory.h
configure:10676: gcc -c -g -O2  conftest.c >&5
configure:10676: $? = 0
configure:10676: result: yes
configure:10676: checking for strings.h
configure:10676: gcc -c -g -O2  conftest.c >&5
configure:10676: $? = 0
configure:10676: result: yes
configure:10676: checking for inttypes.h
configure:10676: gcc -c -g -O2  conftest.c >&5
configure:10676: $? = 0
configure:10676: result: yes
configure:10676: checking for stdint.h
configure:10676: gcc -c -g -O2  conftest.c >&5
configure:10676: $? = 0
configure:10676: result: yes
configure:10676: checking for unistd.h
configure:10676: gcc -c -g -O2  conftest.c >&5
configure:10676: $? = 0
configure:10676: result: yes
configure:10690: checking for dlfcn.h
configure:10690: gcc -c -g -O2  conftest.c >&5
conftest.c:55:10: fatal error: dlfcn.h: No such file or directory
 #include <dlfcn.h>
          ^~~~~~~~~
compilation terminated.
configure:10690: $? = 1
configure: failed program was:
| /* confdefs.h */
| #define PACKAGE_NAME "libdc1394"
| #define PACKAGE_TARNAME "libdc1394"
| #define PACKAGE_VERSION "2.2.5"
| #define PACKAGE_STRING "libdc1394 2.2.5"
| #define PACKAGE_BUGREPORT "libdc1394-devel@lists.sf.net"
| #define PACKAGE_URL ""
| #define PACKAGE "libdc1394"
| #define VERSION "2.2.5"
| #define STDC_HEADERS 1
| #define HAVE_SYS_TYPES_H 1
| #define HAVE_SYS_STAT_H 1
| #define HAVE_STDLIB_H 1
| #define HAVE_STRING_H 1
| #define HAVE_MEMORY_H 1
| #define HAVE_STRINGS_H 1
| #define HAVE_INTTYPES_H 1
| #define HAVE_STDINT_H 1
| #define HAVE_UNISTD_H 1
| /* end confdefs.h.  */
| #include <stdio.h>
| #ifdef HAVE_SYS_TYPES_H
| # include <sys/types.h>
| #endif
| #ifdef HAVE_SYS_STAT_H
| # include <sys/stat.h>
| #endif
| #ifdef STDC_HEADERS
| # include <stdlib.h>
| # include <stddef.h>
| #else
| # ifdef HAVE_STDLIB_H
| #  include <stdlib.h>
| # endif
| #endif
| #ifdef HAVE_STRING_H
| # if !defined STDC_HEADERS && defined HAVE_MEMORY_H
| #  include <memory.h>
| # endif
| # include <string.h>
| #endif
| #ifdef HAVE_STRINGS_H
| # include <strings.h>
| #endif
| #ifdef HAVE_INTTYPES_H
| # include <inttypes.h>
| #endif
| #ifdef HAVE_STDINT_H
| # include <stdint.h>
| #endif
| #ifdef HAVE_UNISTD_H
| # include <unistd.h>
| #endif
| 
| #include <dlfcn.h>
configure:10690: result: no
configure:10894: checking for objdir
configure:10909: result: .libs
configure:11180: checking if gcc supports -fno-rtti -fno-exceptions
configure:11198: gcc -c -g -O2  -fno-rtti -fno-exceptions conftest.c >&5
cc1.exe: warning: command line option '-fno-rtti' is valid for C++/ObjC++ but not for C
configure:11202: $? = 0
configure:11215: result: no
configure:11542: checking for gcc option to produce PIC
configure:11549: result: -DDLL_EXPORT -DPIC
configure:11557: checking if gcc PIC flag -DDLL_EXPORT -DPIC works
configure:11575: gcc -c -g -O2  -DDLL_EXPORT -DPIC -DPIC conftest.c >&5
configure:11579: $? = 0
configure:11592: result: yes
configure:11621: checking if gcc static flag -static works
configure:11649: result: yes
configure:11664: checking if gcc supports -c -o file.o
configure:11685: gcc -c -g -O2  -o out/conftest2.o conftest.c >&5
configure:11689: $? = 0
configure:11711: result: yes
configure:11719: checking if gcc supports -c -o file.o
configure:11766: result: yes
configure:11799: checking whether the gcc linker (C:/Program
Files/mingw-w64/x86_64-8.1.0-posix-seh-rt_v6-rev0/mingw64/x86_64-w64-mingw32/bin/ld.exe) supports shared libraries
configure:12956: result: yes
configure:13196: checking dynamic linker characteristics
configure:13930: result: Win32 ld.exe
configure:14037: checking how to hardcode library paths into programs
configure:14062: result: immediate
configure:14602: checking whether stripping libraries is possible
configure:14607: result: yes
configure:14642: checking if libtool supports shared libraries
configure:14644: result: yes
configure:14647: checking whether to build shared libraries
configure:14668: result: yes
configure:14671: checking whether to build static libraries
configure:14675: result: yes
configure:14763: checking for pkg-config
configure:14796: result: no
configure:14832: checking for C/C++ restrict keyword
configure:14857: gcc -c -g -O2  conftest.c >&5
configure:14857: $? = 0
configure:14865: result: __restrict
configure:14879: checking for pow in -lm
configure:14904: gcc -o conftest.exe -g -O2   conftest.c -lm   >&5
conftest.c:30:6: warning: conflicting types for built-in function 'pow' [-Wbuiltin-declaration-mismatch]
 char pow ();
      ^~~
configure:14904: $? = 0
configure:14913: result: yes
configure:14922: checking for LIBUSB
configure:14980: WARNING: libusb-1.0 not found
configure:15037: checking for sdl-config
configure:15068: result: no
configure:15078: checking for SDL - version >= 1.2.4
configure:15185: result: no
configure:15359: checking for GetCmdrVersion in -l1394camera
configure:15384: gcc -o conftest.exe -g -O2   conftest.c -l1394camera  -lm  >&5
configure:15384: $? = 0
configure:15393: result: yes
configure:15448: checking for main in -lopengl32
configure:15467: gcc -o conftest.exe -g -O2   conftest.c -lopengl32  -lm  >&5
configure:15467: $? = 0
configure:15476: result: yes
configure:15543: checking linux/videodev.h usability
configure:15543: gcc -c -g -O2  conftest.c >&5
conftest.c:59:10: fatal error: linux/videodev.h: No such file or directory
 #include <linux/videodev.h>
          ^~~~~~~~~~~~~~~~~~
compilation terminated.
configure:15543: $? = 1
configure: failed program was:
| /* confdefs.h */
| #define PACKAGE_NAME "libdc1394"
| #define PACKAGE_TARNAME "libdc1394"
| #define PACKAGE_VERSION "2.2.5"
| #define PACKAGE_STRING "libdc1394 2.2.5"
| #define PACKAGE_BUGREPORT "libdc1394-devel@lists.sf.net"
| #define PACKAGE_URL ""
| #define PACKAGE "libdc1394"
| #define VERSION "2.2.5"
| #define STDC_HEADERS 1
| #define HAVE_SYS_TYPES_H 1
| #define HAVE_SYS_STAT_H 1
| #define HAVE_STDLIB_H 1
| #define HAVE_STRING_H 1
| #define HAVE_MEMORY_H 1
| #define HAVE_STRINGS_H 1
| #define HAVE_INTTYPES_H 1
| #define HAVE_STDINT_H 1
| #define HAVE_UNISTD_H 1
| #define LT_OBJDIR ".libs/"
| #define restrict __restrict
| #define HAVE_WINDOWS /**/
| #define HAVE_LIB1394CAMERA /**/
| #define HAVE_OPENGL 1
| /* end confdefs.h.  */
| #include <stdio.h>
| #ifdef HAVE_SYS_TYPES_H
| # include <sys/types.h>
| #endif
| #ifdef HAVE_SYS_STAT_H
| # include <sys/stat.h>
| #endif
| #ifdef STDC_HEADERS
| # include <stdlib.h>
| # include <stddef.h>
| #else
| # ifdef HAVE_STDLIB_H
| #  include <stdlib.h>
| # endif
| #endif
| #ifdef HAVE_STRING_H
| # if !defined STDC_HEADERS && defined HAVE_MEMORY_H
| #  include <memory.h>
| # endif
| # include <string.h>
| #endif
| #ifdef HAVE_STRINGS_H
| # include <strings.h>
| #endif
| #ifdef HAVE_INTTYPES_H
| # include <inttypes.h>
| #endif
| #ifdef HAVE_STDINT_H
| # include <stdint.h>
| #endif
| #ifdef HAVE_UNISTD_H
| # include <unistd.h>
| #endif
| #include <linux/videodev.h>
configure:15543: result: no
configure:15543: checking linux/videodev.h presence
configure:15543: gcc -E  conftest.c
conftest.c:26:10: fatal error: linux/videodev.h: No such file or directory
 #include <linux/videodev.h>
          ^~~~~~~~~~~~~~~~~~
compilation terminated.
configure:15543: $? = 1
configure: failed program was:
| /* confdefs.h */
| #define PACKAGE_NAME "libdc1394"
| #define PACKAGE_TARNAME "libdc1394"
| #define PACKAGE_VERSION "2.2.5"
| #define PACKAGE_STRING "libdc1394 2.2.5"
| #define PACKAGE_BUGREPORT "libdc1394-devel@lists.sf.net"
| #define PACKAGE_URL ""
| #define PACKAGE "libdc1394"
| #define VERSION "2.2.5"
| #define STDC_HEADERS 1
| #define HAVE_SYS_TYPES_H 1
| #define HAVE_SYS_STAT_H 1
| #define HAVE_STDLIB_H 1
| #define HAVE_STRING_H 1
| #define HAVE_MEMORY_H 1
| #define HAVE_STRINGS_H 1
| #define HAVE_INTTYPES_H 1
| #define HAVE_STDINT_H 1
| #define HAVE_UNISTD_H 1
| #define LT_OBJDIR ".libs/"
| #define restrict __restrict
| #define HAVE_WINDOWS /**/
| #define HAVE_LIB1394CAMERA /**/
| #define HAVE_OPENGL 1
| /* end confdefs.h.  */
| #include <linux/videodev.h>
configure:15543: result: no
configure:15543: checking for linux/videodev.h
configure:15543: result: no
configure:15580: checking for Xv extensions
configure:15597: gcc -c -g -O2  conftest.c >&5
conftest.c:27:18: fatal error: X11/Xlib.h: No such file or directory
         #include <X11/Xlib.h>
                  ^~~~~~~~~~~~
compilation terminated.
configure:15597: $? = 1
configure: failed program was:
| /* confdefs.h */
| #define PACKAGE_NAME "libdc1394"
| #define PACKAGE_TARNAME "libdc1394"
| #define PACKAGE_VERSION "2.2.5"
| #define PACKAGE_STRING "libdc1394 2.2.5"
| #define PACKAGE_BUGREPORT "libdc1394-devel@lists.sf.net"
| #define PACKAGE_URL ""
| #define PACKAGE "libdc1394"
| #define VERSION "2.2.5"
| #define STDC_HEADERS 1
| #define HAVE_SYS_TYPES_H 1
| #define HAVE_SYS_STAT_H 1
| #define HAVE_STDLIB_H 1
| #define HAVE_STRING_H 1
| #define HAVE_MEMORY_H 1
| #define HAVE_STRINGS_H 1
| #define HAVE_INTTYPES_H 1
| #define HAVE_STDINT_H 1
| #define HAVE_UNISTD_H 1
| #define LT_OBJDIR ".libs/"
| #define restrict __restrict
| #define HAVE_WINDOWS /**/
| #define HAVE_LIB1394CAMERA /**/
| #define HAVE_OPENGL 1
| /* end confdefs.h.  */
| 
|         #include <X11/Xlib.h>
|         #include <X11/extensions/Xvlib.h>
| int
| main ()
| {
| 
|         int main(void) { (void) XvGetPortAttribute(0, 0, 0, 0); return 0; }
| 
|   ;
|   return 0;
| }
configure:15603: result: no
configure:15619: checking for ANSI C header files
configure:15723: result: yes
configure:15734: checking for stdint.h
configure:15734: result: yes
configure:15734: checking fcntl.h usability
configure:15734: gcc -c -g -O2  conftest.c >&5
configure:15734: $? = 0
configure:15734: result: yes
configure:15734: checking fcntl.h presence
configure:15734: gcc -E  conftest.c
configure:15734: $? = 0
configure:15734: result: yes
configure:15734: checking for fcntl.h
configure:15734: result: yes
configure:15734: checking sys/ioctl.h usability
configure:15734: gcc -c -g -O2  conftest.c >&5
conftest.c:62:10: fatal error: sys/ioctl.h: No such file or directory
 #include <sys/ioctl.h>
          ^~~~~~~~~~~~~
compilation terminated.
configure:15734: $? = 1
configure: failed program was:
| /* confdefs.h */
| #define PACKAGE_NAME "libdc1394"
| #define PACKAGE_TARNAME "libdc1394"
| #define PACKAGE_VERSION "2.2.5"
| #define PACKAGE_STRING "libdc1394 2.2.5"
| #define PACKAGE_BUGREPORT "libdc1394-devel@lists.sf.net"
| #define PACKAGE_URL ""
| #define PACKAGE "libdc1394"
| #define VERSION "2.2.5"
| #define STDC_HEADERS 1
| #define HAVE_SYS_TYPES_H 1
| #define HAVE_SYS_STAT_H 1
| #define HAVE_STDLIB_H 1
| #define HAVE_STRING_H 1
| #define HAVE_MEMORY_H 1
| #define HAVE_STRINGS_H 1
| #define HAVE_INTTYPES_H 1
| #define HAVE_STDINT_H 1
| #define HAVE_UNISTD_H 1
| #define LT_OBJDIR ".libs/"
| #define restrict __restrict
| #define HAVE_WINDOWS /**/
| #define HAVE_LIB1394CAMERA /**/
| #define HAVE_OPENGL 1
| #define STDC_HEADERS 1
| #define HAVE_STDINT_H 1
| #define HAVE_FCNTL_H 1
| /* end confdefs.h.  */
| #include <stdio.h>
| #ifdef HAVE_SYS_TYPES_H
| # include <sys/types.h>
| #endif
| #ifdef HAVE_SYS_STAT_H
| # include <sys/stat.h>
| #endif
| #ifdef STDC_HEADERS
| # include <stdlib.h>
| # include <stddef.h>
| #else
| # ifdef HAVE_STDLIB_H
| #  include <stdlib.h>
| # endif
| #endif
| #ifdef HAVE_STRING_H
| # if !defined STDC_HEADERS && defined HAVE_MEMORY_H
| #  include <memory.h>
| # endif
| # include <string.h>
| #endif
| #ifdef HAVE_STRINGS_H
| # include <strings.h>
| #endif
| #ifdef HAVE_INTTYPES_H
| # include <inttypes.h>
| #endif
| #ifdef HAVE_STDINT_H
| # include <stdint.h>
| #endif
| #ifdef HAVE_UNISTD_H
| # include <unistd.h>
| #endif
| #include <sys/ioctl.h>
configure:15734: result: no
configure:15734: checking sys/ioctl.h presence
configure:15734: gcc -E  conftest.c
conftest.c:29:10: fatal error: sys/ioctl.h: No such file or directory
 #include <sys/ioctl.h>
          ^~~~~~~~~~~~~
compilation terminated.
configure:15734: $? = 1
configure: failed program was:
| /* confdefs.h */
| #define PACKAGE_NAME "libdc1394"
| #define PACKAGE_TARNAME "libdc1394"
| #define PACKAGE_VERSION "2.2.5"
| #define PACKAGE_STRING "libdc1394 2.2.5"
| #define PACKAGE_BUGREPORT "libdc1394-devel@lists.sf.net"
| #define PACKAGE_URL ""
| #define PACKAGE "libdc1394"
| #define VERSION "2.2.5"
| #define STDC_HEADERS 1
| #define HAVE_SYS_TYPES_H 1
| #define HAVE_SYS_STAT_H 1
| #define HAVE_STDLIB_H 1
| #define HAVE_STRING_H 1
| #define HAVE_MEMORY_H 1
| #define HAVE_STRINGS_H 1
| #define HAVE_INTTYPES_H 1
| #define HAVE_STDINT_H 1
| #define HAVE_UNISTD_H 1
| #define LT_OBJDIR ".libs/"
| #define restrict __restrict
| #define HAVE_WINDOWS /**/
| #define HAVE_LIB1394CAMERA /**/
| #define HAVE_OPENGL 1
| #define STDC_HEADERS 1
| #define HAVE_STDINT_H 1
| #define HAVE_FCNTL_H 1
| /* end confdefs.h.  */
| #include <sys/ioctl.h>
configure:15734: result: no
configure:15734: checking for sys/ioctl.h
configure:15734: result: no
configure:15734: checking for unistd.h
configure:15734: result: yes
configure:15734: checking sys/mman.h usability
configure:15734: gcc -c -g -O2  conftest.c >&5
conftest.c:63:10: fatal error: sys/mman.h: No such file or directory
 #include <sys/mman.h>
          ^~~~~~~~~~~~
compilation terminated.
configure:15734: $? = 1
configure: failed program was:
| /* confdefs.h */
| #define PACKAGE_NAME "libdc1394"
| #define PACKAGE_TARNAME "libdc1394"
| #define PACKAGE_VERSION "2.2.5"
| #define PACKAGE_STRING "libdc1394 2.2.5"
| #define PACKAGE_BUGREPORT "libdc1394-devel@lists.sf.net"
| #define PACKAGE_URL ""
| #define PACKAGE "libdc1394"
| #define VERSION "2.2.5"
| #define STDC_HEADERS 1
| #define HAVE_SYS_TYPES_H 1
| #define HAVE_SYS_STAT_H 1
| #define HAVE_STDLIB_H 1
| #define HAVE_STRING_H 1
| #define HAVE_MEMORY_H 1
| #define HAVE_STRINGS_H 1
| #define HAVE_INTTYPES_H 1
| #define HAVE_STDINT_H 1
| #define HAVE_UNISTD_H 1
| #define LT_OBJDIR ".libs/"
| #define restrict __restrict
| #define HAVE_WINDOWS /**/
| #define HAVE_LIB1394CAMERA /**/
| #define HAVE_OPENGL 1
| #define STDC_HEADERS 1
| #define HAVE_STDINT_H 1
| #define HAVE_FCNTL_H 1
| #define HAVE_UNISTD_H 1
| /* end confdefs.h.  */
| #include <stdio.h>
| #ifdef HAVE_SYS_TYPES_H
| # include <sys/types.h>
| #endif
| #ifdef HAVE_SYS_STAT_H
| # include <sys/stat.h>
| #endif
| #ifdef STDC_HEADERS
| # include <stdlib.h>
| # include <stddef.h>
| #else
| # ifdef HAVE_STDLIB_H
| #  include <stdlib.h>
| # endif
| #endif
| #ifdef HAVE_STRING_H
| # if !defined STDC_HEADERS && defined HAVE_MEMORY_H
| #  include <memory.h>
| # endif
| # include <string.h>
| #endif
| #ifdef HAVE_STRINGS_H
| # include <strings.h>
| #endif
| #ifdef HAVE_INTTYPES_H
| # include <inttypes.h>
| #endif
| #ifdef HAVE_STDINT_H
| # include <stdint.h>
| #endif
| #ifdef HAVE_UNISTD_H
| # include <unistd.h>
| #endif
| #include <sys/mman.h>
configure:15734: result: no
configure:15734: checking sys/mman.h presence
configure:15734: gcc -E  conftest.c
conftest.c:30:10: fatal error: sys/mman.h: No such file or directory
 #include <sys/mman.h>
          ^~~~~~~~~~~~
compilation terminated.
configure:15734: $? = 1
configure: failed program was:
| /* confdefs.h */
| #define PACKAGE_NAME "libdc1394"
| #define PACKAGE_TARNAME "libdc1394"
| #define PACKAGE_VERSION "2.2.5"
| #define PACKAGE_STRING "libdc1394 2.2.5"
| #define PACKAGE_BUGREPORT "libdc1394-devel@lists.sf.net"
| #define PACKAGE_URL ""
| #define PACKAGE "libdc1394"
| #define VERSION "2.2.5"
| #define STDC_HEADERS 1
| #define HAVE_SYS_TYPES_H 1
| #define HAVE_SYS_STAT_H 1
| #define HAVE_STDLIB_H 1
| #define HAVE_STRING_H 1
| #define HAVE_MEMORY_H 1
| #define HAVE_STRINGS_H 1
| #define HAVE_INTTYPES_H 1
| #define HAVE_STDINT_H 1
| #define HAVE_UNISTD_H 1
| #define LT_OBJDIR ".libs/"
| #define restrict __restrict
| #define HAVE_WINDOWS /**/
| #define HAVE_LIB1394CAMERA /**/
| #define HAVE_OPENGL 1
| #define STDC_HEADERS 1
| #define HAVE_STDINT_H 1
| #define HAVE_FCNTL_H 1
| #define HAVE_UNISTD_H 1
| /* end confdefs.h.  */
| #include <sys/mman.h>
configure:15734: result: no
configure:15734: checking for sys/mman.h
configure:15734: result: no
configure:15734: checking netinet/in.h usability
configure:15734: gcc -c -g -O2  conftest.c >&5
conftest.c:63:10: fatal error: netinet/in.h: No such file or directory
 #include <netinet/in.h>
          ^~~~~~~~~~~~~~
compilation terminated.
configure:15734: $? = 1
configure: failed program was:
| /* confdefs.h */
| #define PACKAGE_NAME "libdc1394"
| #define PACKAGE_TARNAME "libdc1394"
| #define PACKAGE_VERSION "2.2.5"
| #define PACKAGE_STRING "libdc1394 2.2.5"
| #define PACKAGE_BUGREPORT "libdc1394-devel@lists.sf.net"
| #define PACKAGE_URL ""
| #define PACKAGE "libdc1394"
| #define VERSION "2.2.5"
| #define STDC_HEADERS 1
| #define HAVE_SYS_TYPES_H 1
| #define HAVE_SYS_STAT_H 1
| #define HAVE_STDLIB_H 1
| #define HAVE_STRING_H 1
| #define HAVE_MEMORY_H 1
| #define HAVE_STRINGS_H 1
| #define HAVE_INTTYPES_H 1
| #define HAVE_STDINT_H 1
| #define HAVE_UNISTD_H 1
| #define LT_OBJDIR ".libs/"
| #define restrict __restrict
| #define HAVE_WINDOWS /**/
| #define HAVE_LIB1394CAMERA /**/
| #define HAVE_OPENGL 1
| #define STDC_HEADERS 1
| #define HAVE_STDINT_H 1
| #define HAVE_FCNTL_H 1
| #define HAVE_UNISTD_H 1
| /* end confdefs.h.  */
| #include <stdio.h>
| #ifdef HAVE_SYS_TYPES_H
| # include <sys/types.h>
| #endif
| #ifdef HAVE_SYS_STAT_H
| # include <sys/stat.h>
| #endif
| #ifdef STDC_HEADERS
| # include <stdlib.h>
| # include <stddef.h>
| #else
| # ifdef HAVE_STDLIB_H
| #  include <stdlib.h>
| # endif
| #endif
| #ifdef HAVE_STRING_H
| # if !defined STDC_HEADERS && defined HAVE_MEMORY_H
| #  include <memory.h>
| # endif
| # include <string.h>
| #endif
| #ifdef HAVE_STRINGS_H
| # include <strings.h>
| #endif
| #ifdef HAVE_INTTYPES_H
| # include <inttypes.h>
| #endif
| #ifdef HAVE_STDINT_H
| # include <stdint.h>
| #endif
| #ifdef HAVE_UNISTD_H
| # include <unistd.h>
| #endif
| #include <netinet/in.h>
configure:15734: result: no
configure:15734: checking netinet/in.h presence
configure:15734: gcc -E  conftest.c
conftest.c:30:10: fatal error: netinet/in.h: No such file or directory
 #include <netinet/in.h>
          ^~~~~~~~~~~~~~
compilation terminated.
configure:15734: $? = 1
configure: failed program was:
| /* confdefs.h */
| #define PACKAGE_NAME "libdc1394"
| #define PACKAGE_TARNAME "libdc1394"
| #define PACKAGE_VERSION "2.2.5"
| #define PACKAGE_STRING "libdc1394 2.2.5"
| #define PACKAGE_BUGREPORT "libdc1394-devel@lists.sf.net"
| #define PACKAGE_URL ""
| #define PACKAGE "libdc1394"
| #define VERSION "2.2.5"
| #define STDC_HEADERS 1
| #define HAVE_SYS_TYPES_H 1
| #define HAVE_SYS_STAT_H 1
| #define HAVE_STDLIB_H 1
| #define HAVE_STRING_H 1
| #define HAVE_MEMORY_H 1
| #define HAVE_STRINGS_H 1
| #define HAVE_INTTYPES_H 1
| #define HAVE_STDINT_H 1
| #define HAVE_UNISTD_H 1
| #define LT_OBJDIR ".libs/"
| #define restrict __restrict
| #define HAVE_WINDOWS /**/
| #define HAVE_LIB1394CAMERA /**/
| #define HAVE_OPENGL 1
| #define STDC_HEADERS 1
| #define HAVE_STDINT_H 1
| #define HAVE_FCNTL_H 1
| #define HAVE_UNISTD_H 1
| /* end confdefs.h.  */
| #include <netinet/in.h>
configure:15734: result: no
configure:15734: checking for netinet/in.h
configure:15734: result: no
configure:15744: checking for X
configure:15852: gcc -E  conftest.c
conftest.c:30:10: fatal error: X11/Xlib.h: No such file or directory
 #include <X11/Xlib.h>
          ^~~~~~~~~~~~
compilation terminated.
configure:15852: $? = 1
configure: failed program was:
| /* confdefs.h */
| #define PACKAGE_NAME "libdc1394"
| #define PACKAGE_TARNAME "libdc1394"
| #define PACKAGE_VERSION "2.2.5"
| #define PACKAGE_STRING "libdc1394 2.2.5"
| #define PACKAGE_BUGREPORT "libdc1394-devel@lists.sf.net"
| #define PACKAGE_URL ""
| #define PACKAGE "libdc1394"
| #define VERSION "2.2.5"
| #define STDC_HEADERS 1
| #define HAVE_SYS_TYPES_H 1
| #define HAVE_SYS_STAT_H 1
| #define HAVE_STDLIB_H 1
| #define HAVE_STRING_H 1
| #define HAVE_MEMORY_H 1
| #define HAVE_STRINGS_H 1
| #define HAVE_INTTYPES_H 1
| #define HAVE_STDINT_H 1
| #define HAVE_UNISTD_H 1
| #define LT_OBJDIR ".libs/"
| #define restrict __restrict
| #define HAVE_WINDOWS /**/
| #define HAVE_LIB1394CAMERA /**/
| #define HAVE_OPENGL 1
| #define STDC_HEADERS 1
| #define HAVE_STDINT_H 1
| #define HAVE_FCNTL_H 1
| #define HAVE_UNISTD_H 1
| /* end confdefs.h.  */
| #include <X11/Xlib.h>
configure:15883: gcc -o conftest.exe -g -O2   conftest.c -lX11 -lm  >&5
conftest.c:30:10: fatal error: X11/Xlib.h: No such file or directory
 #include <X11/Xlib.h>
          ^~~~~~~~~~~~
compilation terminated.
configure:15883: $? = 1
configure: failed program was:
| /* confdefs.h */
| #define PACKAGE_NAME "libdc1394"
| #define PACKAGE_TARNAME "libdc1394"
| #define PACKAGE_VERSION "2.2.5"
| #define PACKAGE_STRING "libdc1394 2.2.5"
| #define PACKAGE_BUGREPORT "libdc1394-devel@lists.sf.net"
| #define PACKAGE_URL ""
| #define PACKAGE "libdc1394"
| #define VERSION "2.2.5"
| #define STDC_HEADERS 1
| #define HAVE_SYS_TYPES_H 1
| #define HAVE_SYS_STAT_H 1
| #define HAVE_STDLIB_H 1
| #define HAVE_STRING_H 1
| #define HAVE_MEMORY_H 1
| #define HAVE_STRINGS_H 1
| #define HAVE_INTTYPES_H 1
| #define HAVE_STDINT_H 1
| #define HAVE_UNISTD_H 1
| #define LT_OBJDIR ".libs/"
| #define restrict __restrict
| #define HAVE_WINDOWS /**/
| #define HAVE_LIB1394CAMERA /**/
| #define HAVE_OPENGL 1
| #define STDC_HEADERS 1
| #define HAVE_STDINT_H 1
| #define HAVE_FCNTL_H 1
| #define HAVE_UNISTD_H 1
| /* end confdefs.h.  */
| #include <X11/Xlib.h>
| int
| main ()
| {
| XrmInitialize ()
|   ;
|   return 0;
| }
configure:15922: result: no
configure:16428: checking for size_t
configure:16428: gcc -c -g -O2  conftest.c >&5
configure:16428: $? = 0
configure:16428: gcc -c -g -O2  conftest.c >&5
conftest.c: In function 'main':
conftest.c:67:21: error: expected expression before ')' token
 if (sizeof ((size_t)))
                     ^
configure:16428: $? = 1
configure: failed program was:
| /* confdefs.h */
| #define PACKAGE_NAME "libdc1394"
| #define PACKAGE_TARNAME "libdc1394"
| #define PACKAGE_VERSION "2.2.5"
| #define PACKAGE_STRING "libdc1394 2.2.5"
| #define PACKAGE_BUGREPORT "libdc1394-devel@lists.sf.net"
| #define PACKAGE_URL ""
| #define PACKAGE "libdc1394"
| #define VERSION "2.2.5"
| #define STDC_HEADERS 1
| #define HAVE_SYS_TYPES_H 1
| #define HAVE_SYS_STAT_H 1
| #define HAVE_STDLIB_H 1
| #define HAVE_STRING_H 1
| #define HAVE_MEMORY_H 1
| #define HAVE_STRINGS_H 1
| #define HAVE_INTTYPES_H 1
| #define HAVE_STDINT_H 1
| #define HAVE_UNISTD_H 1
| #define LT_OBJDIR ".libs/"
| #define restrict __restrict
| #define HAVE_WINDOWS /**/
| #define HAVE_LIB1394CAMERA /**/
| #define HAVE_OPENGL 1
| #define STDC_HEADERS 1
| #define HAVE_STDINT_H 1
| #define HAVE_FCNTL_H 1
| #define HAVE_UNISTD_H 1
| #define X_DISPLAY_MISSING 1
| /* end confdefs.h.  */
| #include <stdio.h>
| #ifdef HAVE_SYS_TYPES_H
| # include <sys/types.h>
| #endif
| #ifdef HAVE_SYS_STAT_H
| # include <sys/stat.h>
| #endif
| #ifdef STDC_HEADERS
| # include <stdlib.h>
| # include <stddef.h>
| #else
| # ifdef HAVE_STDLIB_H
| #  include <stdlib.h>
| # endif
| #endif
| #ifdef HAVE_STRING_H
| # if !defined STDC_HEADERS && defined HAVE_MEMORY_H
| #  include <memory.h>
| # endif
| # include <string.h>
| #endif
| #ifdef HAVE_STRINGS_H
| # include <strings.h>
| #endif
| #ifdef HAVE_INTTYPES_H
| # include <inttypes.h>
| #endif
| #ifdef HAVE_STDINT_H
| # include <stdint.h>
| #endif
| #ifdef HAVE_UNISTD_H
| # include <unistd.h>
| #endif
| int
| main ()
| {
| if (sizeof ((size_t)))
| 	    return 0;
|   ;
|   return 0;
| }
configure:16428: result: yes
configure:16446: checking for stdlib.h
configure:16446: result: yes
configure:16446: checking for unistd.h
configure:16446: result: yes
configure:16446: checking for sys/param.h
configure:16446: gcc -c -g -O2  conftest.c >&5
configure:16446: $? = 0
configure:16446: result: yes
configure:16466: checking for getpagesize
configure:16466: gcc -o conftest.exe -g -O2   conftest.c -lm  >&5
configure:16466: $? = 0
configure:16466: result: yes
configure:16475: checking for working mmap
configure:16622: gcc -o conftest.exe -g -O2   conftest.c -lm  >&5
conftest.c:94:10: fatal error: sys/mman.h: No such file or directory
 #include <sys/mman.h>
          ^~~~~~~~~~~~
compilation terminated.
configure:16622: $? = 1
configure: program exited with status 1
configure: failed program was:
| /* confdefs.h */
| #define PACKAGE_NAME "libdc1394"
| #define PACKAGE_TARNAME "libdc1394"
| #define PACKAGE_VERSION "2.2.5"
| #define PACKAGE_STRING "libdc1394 2.2.5"
| #define PACKAGE_BUGREPORT "libdc1394-devel@lists.sf.net"
| #define PACKAGE_URL ""
| #define PACKAGE "libdc1394"
| #define VERSION "2.2.5"
| #define STDC_HEADERS 1
| #define HAVE_SYS_TYPES_H 1
| #define HAVE_SYS_STAT_H 1
| #define HAVE_STDLIB_H 1
| #define HAVE_STRING_H 1
| #define HAVE_MEMORY_H 1
| #define HAVE_STRINGS_H 1
| #define HAVE_INTTYPES_H 1
| #define HAVE_STDINT_H 1
| #define HAVE_UNISTD_H 1
| #define LT_OBJDIR ".libs/"
| #define restrict __restrict
| #define HAVE_WINDOWS /**/
| #define HAVE_LIB1394CAMERA /**/
| #define HAVE_OPENGL 1
| #define STDC_HEADERS 1
| #define HAVE_STDINT_H 1
| #define HAVE_FCNTL_H 1
| #define HAVE_UNISTD_H 1
| #define X_DISPLAY_MISSING 1
| #define HAVE_STDLIB_H 1
| #define HAVE_UNISTD_H 1
| #define HAVE_SYS_PARAM_H 1
| #define HAVE_GETPAGESIZE 1
| /* end confdefs.h.  */
| #include <stdio.h>
| #ifdef HAVE_SYS_TYPES_H
| # include <sys/types.h>
| #endif
| #ifdef HAVE_SYS_STAT_H
| # include <sys/stat.h>
| #endif
| #ifdef STDC_HEADERS
| # include <stdlib.h>
| # include <stddef.h>
| #else
| # ifdef HAVE_STDLIB_H
| #  include <stdlib.h>
| # endif
| #endif
| #ifdef HAVE_STRING_H
| # if !defined STDC_HEADERS && defined HAVE_MEMORY_H
| #  include <memory.h>
| # endif
| # include <string.h>
| #endif
| #ifdef HAVE_STRINGS_H
| # include <strings.h>
| #endif
| #ifdef HAVE_INTTYPES_H
| # include <inttypes.h>
| #endif
| #ifdef HAVE_STDINT_H
| # include <stdint.h>
| #endif
| #ifdef HAVE_UNISTD_H
| # include <unistd.h>
| #endif
| /* malloc might have been renamed as rpl_malloc. */
| #undef malloc
| 
| /* Thanks to Mike Haertel and Jim Avera for this test.
|    Here is a matrix of mmap possibilities:
| 	mmap private not fixed
| 	mmap private fixed at somewhere currently unmapped
| 	mmap private fixed at somewhere already mapped
| 	mmap shared not fixed
| 	mmap shared fixed at somewhere currently unmapped
| 	mmap shared fixed at somewhere already mapped
|    For private mappings, we should verify that changes cannot be read()
|    back from the file, nor mmap's back from the file at a different
|    address.  (There have been systems where private was not correctly
|    implemented like the infamous i386 svr4.0, and systems where the
|    VM page cache was not coherent with the file system buffer cache
|    like early versions of FreeBSD and possibly contemporary NetBSD.)
|    For shared mappings, we should conversely verify that changes get
|    propagated back to all the places they're supposed to be.
| 
|    Grep wants private fixed already mapped.
|    The main things grep needs to know about mmap are:
|    * does it exist and is it safe to write into the mmap'd area
|    * how to use it (BSD variants)  */
| 
| #include <fcntl.h>
| #include <sys/mman.h>
| 
| #if !defined STDC_HEADERS && !defined HAVE_STDLIB_H
| char *malloc ();
| #endif
| 
| /* This mess was copied from the GNU getpagesize.h.  */
| #ifndef HAVE_GETPAGESIZE
| # ifdef _SC_PAGESIZE
| #  define getpagesize() sysconf(_SC_PAGESIZE)
| # else /* no _SC_PAGESIZE */
| #  ifdef HAVE_SYS_PARAM_H
| #   include <sys/param.h>
| #   ifdef EXEC_PAGESIZE
| #    define getpagesize() EXEC_PAGESIZE
| #   else /* no EXEC_PAGESIZE */
| #    ifdef NBPG
| #     define getpagesize() NBPG * CLSIZE
| #     ifndef CLSIZE
| #      define CLSIZE 1
| #     endif /* no CLSIZE */
| #    else /* no NBPG */
| #     ifdef NBPC
| #      define getpagesize() NBPC
| #     else /* no NBPC */
| #      ifdef PAGESIZE
| #       define getpagesize() PAGESIZE
| #      endif /* PAGESIZE */
| #     endif /* no NBPC */
| #    endif /* no NBPG */
| #   endif /* no EXEC_PAGESIZE */
| #  else /* no HAVE_SYS_PARAM_H */
| #   define getpagesize() 8192	/* punt totally */
| #  endif /* no HAVE_SYS_PARAM_H */
| # endif /* no _SC_PAGESIZE */
| 
| #endif /* no HAVE_GETPAGESIZE */
| 
| int
| main ()
| {
|   char *data, *data2, *data3;
|   const char *cdata2;
|   int i, pagesize;
|   int fd, fd2;
| 
|   pagesize = getpagesize ();
| 
|   /* First, make a file with some known garbage in it. */
|   data = (char *) malloc (pagesize);
|   if (!data)
|     return 1;
|   for (i = 0; i < pagesize; ++i)
|     *(data + i) = rand ();
|   umask (0);
|   fd = creat ("conftest.mmap", 0600);
|   if (fd < 0)
|     return 2;
|   if (write (fd, data, pagesize) != pagesize)
|     return 3;
|   close (fd);
| 
|   /* Next, check that the tail of a page is zero-filled.  File must have
|      non-zero length, otherwise we risk SIGBUS for entire page.  */
|   fd2 = open ("conftest.txt", O_RDWR | O_CREAT | O_TRUNC, 0600);
|   if (fd2 < 0)
|     return 4;
|   cdata2 = "";
|   if (write (fd2, cdata2, 1) != 1)
|     return 5;
|   data2 = (char *) mmap (0, pagesize, PROT_READ | PROT_WRITE, MAP_SHARED, fd2, 0L);
|   if (data2 == MAP_FAILED)
|     return 6;
|   for (i = 0; i < pagesize; ++i)
|     if (*(data2 + i))
|       return 7;
|   close (fd2);
|   if (munmap (data2, pagesize))
|     return 8;
| 
|   /* Next, try to mmap the file at a fixed address which already has
|      something else allocated at it.  If we can, also make sure that
|      we see the same garbage.  */
|   fd = open ("conftest.mmap", O_RDWR);
|   if (fd < 0)
|     return 9;
|   if (data2 != mmap (data2, pagesize, PROT_READ | PROT_WRITE,
| 		     MAP_PRIVATE | MAP_FIXED, fd, 0L))
|     return 10;
|   for (i = 0; i < pagesize; ++i)
|     if (*(data + i) != *(data2 + i))
|       return 11;
| 
|   /* Finally, make sure that changes to the mapped area do not
|      percolate back to the file as seen by read().  (This is a bug on
|      some variants of i386 svr4.0.)  */
|   for (i = 0; i < pagesize; ++i)
|     *(data2 + i) = *(data2 + i) + 1;
|   data3 = (char *) malloc (pagesize);
|   if (!data3)
|     return 12;
|   if (read (fd, data3, pagesize) != pagesize)
|     return 13;
|   for (i = 0; i < pagesize; ++i)
|     if (*(data + i) != *(data3 + i))
|       return 14;
|   close (fd);
|   return 0;
| }
configure:16632: result: no
configure:16684: WARNING: cache variable lt_cv_path_LD contains a newline
configure:16854: checking that generated files are newer than configure
configure:16860: result: done
configure:16923: creating ./config.status

## ---------------------- ##
## Running config.status. ##
## ---------------------- ##

This file was extended by libdc1394 config.status 2.2.5, which was
generated by GNU Autoconf 2.69.  Invocation command line was

  CONFIG_FILES    = 
  CONFIG_HEADERS  = 
  CONFIG_LINKS    = 
  CONFIG_COMMANDS = 
  $ ./config.status 

on prophesys4-PC

config.status:1202: creating Makefile
config.status:1202: creating libdc1394-2.pc
config.status:1202: creating dc1394/Makefile
config.status:1202: creating dc1394/linux/Makefile
config.status:1202: creating dc1394/juju/Makefile
config.status:1202: creating dc1394/macosx/Makefile
config.status:1202: creating dc1394/windows/Makefile
config.status:1202: creating dc1394/usb/Makefile
config.status:1202: creating dc1394/vendor/Makefile
config.status:1202: creating examples/Makefile
config.status:1202: creating config.h
config.status:1383: config.h is unchanged
config.status:1431: executing depfiles commands
config.status:1431: executing libtool commands

## ---------------- ##
## Cache variables. ##
## ---------------- ##

configure:17: WARNING: cache variable lt_cv_path_LD contains a newline
ac_cv_build=x86_64-pc-mingw64
ac_cv_c_compiler_gnu=yes
ac_cv_c_restrict=__restrict
ac_cv_env_CC_set=
ac_cv_env_CC_value=
ac_cv_env_CFLAGS_set=
ac_cv_env_CFLAGS_value=
ac_cv_env_CPPFLAGS_set=
ac_cv_env_CPPFLAGS_value=
ac_cv_env_CPP_set=
ac_cv_env_CPP_value=
ac_cv_env_DOXYGEN_PAPER_SIZE_set=
ac_cv_env_DOXYGEN_PAPER_SIZE_value=
ac_cv_env_LDFLAGS_set=
ac_cv_env_LDFLAGS_value=
ac_cv_env_LIBS_set=
ac_cv_env_LIBS_value=
ac_cv_env_LIBUSB_CFLAGS_set=
ac_cv_env_LIBUSB_CFLAGS_value=
ac_cv_env_LIBUSB_LIBS_set=
ac_cv_env_LIBUSB_LIBS_value=
ac_cv_env_PKG_CONFIG_set=
ac_cv_env_PKG_CONFIG_value=
ac_cv_env_XMKMF_set=
ac_cv_env_XMKMF_value=
ac_cv_env_build_alias_set=
ac_cv_env_build_alias_value=
ac_cv_env_host_alias_set=
ac_cv_env_host_alias_value=
ac_cv_env_target_alias_set=
ac_cv_env_target_alias_value=
ac_cv_exeext=.exe
ac_cv_func_getpagesize=yes
ac_cv_func_mmap_fixed_mapped=no
ac_cv_have_x=have_x=no
ac_cv_header_dlfcn_h=no
ac_cv_header_fcntl_h=yes
ac_cv_header_inttypes_h=yes
ac_cv_header_linux_videodev_h=no
ac_cv_header_memory_h=yes
ac_cv_header_netinet_in_h=no
ac_cv_header_stdc=yes
ac_cv_header_stdint_h=yes
ac_cv_header_stdlib_h=yes
ac_cv_header_string_h=yes
ac_cv_header_strings_h=yes
ac_cv_header_sys_ioctl_h=no
ac_cv_header_sys_mman_h=no
ac_cv_header_sys_param_h=yes
ac_cv_header_sys_stat_h=yes
ac_cv_header_sys_types_h=yes
ac_cv_header_unistd_h=yes
ac_cv_host=x86_64-pc-mingw64
ac_cv_lib_1394camera_GetCmdrVersion=yes
ac_cv_lib_m_pow=yes
ac_cv_lib_opengl32_main=yes
ac_cv_objext=o
ac_cv_path_EGREP='/usr/bin/grep -E'
ac_cv_path_FGREP='/usr/bin/grep -F'
ac_cv_path_GREP=/usr/bin/grep
ac_cv_path_SDL_CONFIG=no
ac_cv_path_SED=/usr/bin/sed
ac_cv_path_ac_pt_DX_PERL=/usr/bin/perl
ac_cv_path_install='/usr/bin/install -c'
ac_cv_path_mkdir=/usr/bin/mkdir
ac_cv_prog_AWK=gawk
ac_cv_prog_CPP='gcc -E'
ac_cv_prog_ac_ct_AR=ar
ac_cv_prog_ac_ct_AS=as
ac_cv_prog_ac_ct_CC=gcc
ac_cv_prog_ac_ct_DLLTOOL=dlltool
ac_cv_prog_ac_ct_OBJDUMP=objdump
ac_cv_prog_ac_ct_RANLIB=ranlib
ac_cv_prog_ac_ct_STRIP=strip
ac_cv_prog_cc_c89=
ac_cv_prog_cc_g=yes
ac_cv_prog_make_make_set=yes
ac_cv_target=x86_64-pc-mingw64
ac_cv_type_size_t=yes
am_cv_CC_dependencies_compiler_type=gcc3
am_cv_ar_interface=ar
am_cv_make_support_nested_variables=yes
am_cv_prog_cc_c_o=yes
lt_cv_ar_at_file=@
lt_cv_deplibs_check_method='file_magic ^x86 archive import|^x86 DLL'
lt_cv_file_magic_cmd=func_win32_libid
lt_cv_file_magic_test_file=
lt_cv_ld_reload_flag=-r
lt_cv_nm_interface='BSD nm'
lt_cv_objdir=.libs
lt_cv_path_NM='/c/Program Files/mingw-w64/x86_64-8.1.0-posix-seh-rt_v6-rev0/mingw64/bin/nm -B'
lt_cv_path_mainfest_tool=no
lt_cv_prog_compiler_c_o=yes
lt_cv_prog_compiler_pic='-DDLL_EXPORT -DPIC'
lt_cv_prog_compiler_pic_works=yes
lt_cv_prog_compiler_rtti_exceptions=no
lt_cv_prog_compiler_static_works=yes
lt_cv_prog_gnu_ld=no
lt_cv_sharedlib_from_linklib_cmd=func_cygming_dll_for_implib
lt_cv_sys_global_symbol_pipe=
lt_cv_sys_global_symbol_to_c_name_address='sed -n -e '\''s/^: \([^ ]*\)[ ]*$/  {\"\1\", (void *) 0},/p'\'' -e '\''s/^[ABCDGISTW]* \([^ ]*\) \([^ ]*\)$/  {"\2", (void *) \&\2},/p'\'''
lt_cv_sys_global_symbol_to_c_name_address_lib_prefix='sed -n -e '\''s/^: \([^ ]*\)[ ]*$/  {\"\1\", (void *) 0},/p'\'' -e '\''s/^[ABCDGISTW]* \([^ ]*\) \(lib[^ ]*\)$/  {"\2", (void *) \&\2},/p'\'' -e '\''s/^[ABCDGISTW]* \([^ ]*\) \([^ ]*\)$/  {"lib\2", (void *) \&\2},/p'\'''
lt_cv_sys_global_symbol_to_cdecl=
lt_cv_sys_max_cmd_len=8192
lt_cv_to_host_file_cmd=func_convert_file_msys_to_w32
lt_cv_to_tool_file_cmd=func_convert_file_msys_to_w32

## ----------------- ##
## Output variables. ##
## ----------------- ##

ACLOCAL='${SHELL} /c/Users/prophesys4/Documents/DiamondPal/Dependancies/win64/libdc1394/missing aclocal-1.14'
AMDEPBACKSLASH='\'
AMDEP_FALSE='#'
AMDEP_TRUE=''
AMTAR='$${TAR-tar}'
AM_BACKSLASH='\'
AM_DEFAULT_V='$(AM_DEFAULT_VERBOSITY)'
AM_DEFAULT_VERBOSITY='1'
AM_V='$(V)'
AR='ar'
AS='as'
AUTOCONF='${SHELL} /c/Users/prophesys4/Documents/DiamondPal/Dependancies/win64/libdc1394/missing autoconf'
AUTOHEADER='${SHELL} /c/Users/prophesys4/Documents/DiamondPal/Dependancies/win64/libdc1394/missing autoheader'
AUTOMAKE='${SHELL} /c/Users/prophesys4/Documents/DiamondPal/Dependancies/win64/libdc1394/missing automake-1.14'
AWK='gawk'
CC='gcc'
CCDEPMODE='depmode=gcc3'
CFLAGS='-Wall -Wunused -std=gnu99 -g -O2'
CPP='gcc -E'
CPPFLAGS=''
CYGPATH_W='cygpath -w'
DEFS='-DHAVE_CONFIG_H'
DEPDIR='.deps'
DLLTOOL='dlltool'
DOXYGEN_PAPER_SIZE=''
DSYMUTIL=''
DUMPBIN=''
DX_COND_chi_FALSE=''
DX_COND_chi_TRUE='#'
DX_COND_chm_FALSE=''
DX_COND_chm_TRUE='#'
DX_COND_doc_FALSE=''
DX_COND_doc_TRUE='#'
DX_COND_dot_FALSE=''
DX_COND_dot_TRUE='#'
DX_COND_html_FALSE=''
DX_COND_html_TRUE='#'
DX_COND_latex_FALSE=''
DX_COND_latex_TRUE='#'
DX_COND_man_FALSE=''
DX_COND_man_TRUE='#'
DX_COND_pdf_FALSE=''
DX_COND_pdf_TRUE='#'
DX_COND_ps_FALSE=''
DX_COND_ps_TRUE='#'
DX_COND_rtf_FALSE=''
DX_COND_rtf_TRUE='#'
DX_COND_xml_FALSE=''
DX_COND_xml_TRUE='#'
DX_CONFIG='Doxyfile.in'
DX_DOCDIR='doc'
DX_DOT=''
DX_DOXYGEN=''
DX_DVIPS=''
DX_EGREP=''
DX_ENV=' SRCDIR='\''.'\'' PROJECT='\''libdc1394'\'' DOCDIR='\''doc'\'' VERSION='\''2.2.5'\'' HAVE_DOT='\''NO'\'' GENERATE_MAN='\''NO'\'' GENERATE_RTF='\''NO'\'' GENERATE_XML='\''NO'\'' GENERATE_HTMLHELP='\''NO'\'' GENERATE_CHI='\''NO'\'' GENERATE_HTML='\''NO'\'' GENERATE_LATEX='\''NO'\'''
DX_FLAG_chi='0'
DX_FLAG_chm='0'
DX_FLAG_doc='0'
DX_FLAG_dot='0'
DX_FLAG_html='0'
DX_FLAG_man='0'
DX_FLAG_pdf='0'
DX_FLAG_ps='0'
DX_FLAG_rtf='0'
DX_FLAG_xml='0'
DX_HHC=''
DX_LATEX=''
DX_MAKEINDEX=''
DX_PDFLATEX=''
DX_PERL='/usr/bin/perl'
DX_PROJECT='libdc1394'
ECHO_C=''
ECHO_N='-n'
ECHO_T=''
EGREP='/usr/bin/grep -E'
EXEEXT='.exe'
FGREP='/usr/bin/grep -F'
FRAMEWORK_IOKIT=''
Files/mingw-w64/x86_64-8.1.0-posix-seh-rt_v6-rev0/mingw64/x86_64-w64-mingw32/bin/ld.exe'
GREP='/usr/bin/grep'
HAVE_LIBRAW1394_FALSE=''
HAVE_LIBRAW1394_TRUE='#'
HAVE_LIBSDL_FALSE=''
HAVE_LIBSDL_TRUE='#'
HAVE_LIBUSB_FALSE=''
HAVE_LIBUSB_TRUE='#'
HAVE_LINUX_FALSE=''
HAVE_LINUX_TRUE='#'
HAVE_MACOSX_FALSE=''
HAVE_MACOSX_TRUE='#'
HAVE_OPENGL_FALSE='#'
HAVE_OPENGL_TRUE=''
HAVE_VIDEODEV_FALSE=''
HAVE_VIDEODEV_TRUE='#'
HAVE_WINDOWS_FALSE='#'
HAVE_WINDOWS_TRUE=''
HAVE_XV_FALSE=''
HAVE_XV_TRUE='#'
INSTALL_DATA='${INSTALL} -m 644'
INSTALL_PROGRAM='${INSTALL}'
INSTALL_SCRIPT='${INSTALL}'
INSTALL_STRIP_PROGRAM='$(install_sh) -c -s'
LD='C:/Program
LDFLAGS=''
LIBOBJS=''
LIBS='-lm '
LIBTOOL='$(SHELL) $(top_builddir)/libtool'
LIBUSB_CFLAGS=''
LIBUSB_LIBS=''
LIPO=''
LN_S='cp -pR'
LTLIBOBJS=''
MAKEINFO='${SHELL} /c/Users/prophesys4/Documents/DiamondPal/Dependancies/win64/libdc1394/missing makeinfo'
MAKE_EXAMPLES_FALSE='#'
MAKE_EXAMPLES_TRUE=''
MANIFEST_TOOL=':'
MKDIR_P='/usr/bin/mkdir -p'
NM='/c/Program Files/mingw-w64/x86_64-8.1.0-posix-seh-rt_v6-rev0/mingw64/bin/nm -B'
NMEDIT=''
OBJDUMP='objdump'
OBJEXT='o'
OTOOL64=''
OTOOL=''
PACKAGE='libdc1394'
PACKAGE_BUGREPORT='libdc1394-devel@lists.sf.net'
PACKAGE_NAME='libdc1394'
PACKAGE_STRING='libdc1394 2.2.5'
PACKAGE_TARNAME='libdc1394'
PACKAGE_URL=''
PACKAGE_VERSION='2.2.5'
PATH_SEPARATOR=':'
PKG_CONFIG=''
RANLIB='ranlib'
SDL_CFLAGS=''
SDL_CONFIG='no'
SDL_LIBS=''
SED='/usr/bin/sed'
SET_MAKE=''
SHELL='/bin/sh'
STRIP='strip'
VERSION='2.2.5'
XMKMF=''
XV_CFLAGS=''
XV_LIBS=''
X_CFLAGS=''
X_EXTRA_LIBS=''
X_LIBS=''
X_PRE_LIBS=''
ac_ct_AR='ar'
ac_ct_CC='gcc'
ac_ct_DUMPBIN=''
am__EXEEXT_FALSE='#'
am__EXEEXT_TRUE=''
am__fastdepCC_FALSE='#'
am__fastdepCC_TRUE=''
am__include='include'
am__isrc=''
am__leading_dot='.'
am__nodep='_no'
am__quote=''
am__tar='$${TAR-tar} chof - "$$tardir"'
am__untar='$${TAR-tar} xf -'
bindir='${exec_prefix}/bin'
build='x86_64-pc-mingw64'
build_alias=''
build_cpu='x86_64'
build_os='mingw64'
build_vendor='pc'
datadir='${datarootdir}'
datarootdir='${prefix}/share'
docdir='${datarootdir}/doc/${PACKAGE_TARNAME}'
dvidir='${docdir}'
exec_prefix='${prefix}'
host='x86_64-pc-mingw64'
host_alias=''
host_cpu='x86_64'
host_os='mingw64'
host_vendor='pc'
htmldir='${docdir}'
includedir='${prefix}/include'
infodir='${datarootdir}/info'
install_sh='${SHELL} /c/Users/prophesys4/Documents/DiamondPal/Dependancies/win64/libdc1394/install-sh'
libdir='${exec_prefix}/lib'
libexecdir='${exec_prefix}/libexec'
localedir='${datarootdir}/locale'
localstatedir='${prefix}/var'
lt_age='2'
lt_current='24'
lt_revision='1'
mandir='${datarootdir}/man'
mkdir_p='$(MKDIR_P)'
oldincludedir='/usr/include'
pdfdir='${docdir}'
pkgincludedir='$(includedir)/dc1394'
platform_LDFLAGS='-Wl,--export-all -no-undefined -l1394camera -lsetupapi -lws2_32'
prefix='/mingw'
program_transform_name='s,x,x,'
psdir='${docdir}'
sbindir='${exec_prefix}/sbin'
sharedstatedir='${prefix}/com'
sysconfdir='${prefix}/etc'
target='x86_64-pc-mingw64'
target_alias=''
target_cpu='x86_64'
target_os='mingw64'
target_vendor='pc'

## ----------- ##
## confdefs.h. ##
## ----------- ##

/* confdefs.h */
#define PACKAGE_NAME "libdc1394"
#define PACKAGE_TARNAME "libdc1394"
#define PACKAGE_VERSION "2.2.5"
#define PACKAGE_STRING "libdc1394 2.2.5"
#define PACKAGE_BUGREPORT "libdc1394-devel@lists.sf.net"
#define PACKAGE_URL ""
#define PACKAGE "libdc1394"
#define VERSION "2.2.5"
#define STDC_HEADERS 1
#define HAVE_SYS_TYPES_H 1
#define HAVE_SYS_STAT_H 1
#define HAVE_STDLIB_H 1
#define HAVE_STRING_H 1
#define HAVE_MEMORY_H 1
#define HAVE_STRINGS_H 1
#define HAVE_INTTYPES_H 1
#define HAVE_STDINT_H 1
#define HAVE_UNISTD_H 1
#define LT_OBJDIR ".libs/"
#define restrict __restrict
#define HAVE_WINDOWS /**/
#define HAVE_LIB1394CAMERA /**/
#define HAVE_OPENGL 1
#define STDC_HEADERS 1
#define HAVE_STDINT_H 1
#define HAVE_FCNTL_H 1
#define HAVE_UNISTD_H 1
#define X_DISPLAY_MISSING 1
#define HAVE_STDLIB_H 1
#define HAVE_UNISTD_H 1
#define HAVE_SYS_PARAM_H 1
#define HAVE_GETPAGESIZE 1

configure: exit 0
